<?xml version="1.0" encoding="UTF-8"?>
<!-- Generated by org.testng.reporters.JUnitXMLReporter -->
<testsuite hostname="DESKTOP-TMF0VV4" ignored="0" name="Command line test" tests="22" failures="0" timestamp="2020-06-17T15:44:18 IST" time="225.866" errors="0">
  <testcase name="Test_Browser_And_URL_Invoked_Correctly" time="60.404" classname="testCases.TestCases"/>
  <testcase name="Test_MainPage_Title_Matches_Correctly" time="4.073" classname="testCases.TestCases"/>
  <testcase name="Test_City_Is_Selected_Correctly" time="20.942" classname="testCases.TestCases"/>
  <testcase name="Test_Popup_Is_Ignored" time="1.152" classname="testCases.TestCases"/>
  <testcase name="Test_Signin_Button_Is_clicked" time="2.463" classname="testCases.TestCases"/>
  <testcase name="Test_Continue_Via_Google_Button_Is_Clicked" time="0.968" classname="testCases.TestCases"/>
  <testcase name="Test_Invalid_UserName" time="7.246" classname="testCases.TestCases"/>
  <testcase name="Test_Invalid_Password" time="10.384" classname="testCases.TestCases"/>
  <testcase name="Test_Blank_UserName" time="4.497" classname="testCases.TestCases"/>
  <testcase name="Test_Blank_Password" time="7.424" classname="testCases.TestCases"/>
  <testcase name="Test_Signing_In_Appears_Correctly" time="9.056" classname="testCases.TestCases"/>
  <testcase name="Test_Sports_Is_Clicked" time="18.953" classname="testCases.TestCases"/>
  <testcase name="Test_Sports_Available_Are_Displayed" time="3.181" classname="testCases.TestCases"/>
  <testcase name="Test_Weekend_Is_clicked" time="3.395" classname="testCases.TestCases"/>
  <testcase name="Test_Sports_Availabe_Are_Displayed_After_Selecting_Weekend" time="3.31" classname="testCases.TestCases"/>
  <testcase name="Test_PriceRange_Is_clicked" time="3.23" classname="testCases.TestCases"/>
  <testcase name="Test_Minimum_Is_clicked" time="3.557" classname="testCases.TestCases"/>
  <testcase name="Test_Sports_Availabe_Are_Displayed_After_Selecting_MinimumRange" time="6.371" classname="testCases.TestCases"/>
  <testcase name="Test_Window_Navigates_To_Movie_Page" time="22.522" classname="testCases.TestCases"/>
  <testcase name="Test_Movies_Are_Displayed" time="8.151" classname="testCases.TestCases"/>
  <testcase name="Test_Languages_Are_Extracted_And_Stored_In_List" time="7.356" classname="testCases.TestCases"/>
  <testcase name="Test_Languages_Are_Displayed" time="0.058" classname="testCases.TestCases"/>
</testsuite> <!-- Command line test -->
